app/build/outputs/logs/manifest-merger-debug-report.txt
-- Merging decision tree log ---
manifest
ADDED from src\main\AndroidManifest.xml:2:1-193:12
INJECTED from src\main\AndroidManifest.xml:2:1-193:12
INJECTED from src\main\AndroidManifest.xml:2:1-193:12
INJECTED from src\main\AndroidManifest.xml:2:1-193:12
MERGED from [com.android.support:design:27.1.1] AndroidManifest.xml:17:1-22:12
MERGED from [com.zfdang.multiple-images-selector:multiple-images-selector:1.1.3] AndroidManifest.xml:2:1-17:12
MERGED from [me.himanshusoni.quantityview:quantity-view:1.2.0] AndroidManifest.xml:2:1-16:12
MERGED from [com.android.support:appcompat-v7:27.1.1] AndroidManifest.xml:17:1-22:12
MERGED from [com.usebutton:android-sdk:5.9.0] AndroidManifest.xml:2:1-61:12
MERGED from [com.facebook.fresco:animated-gif:0.10.0] AndroidManifest.xml:2:1-9:12
MERGED from [xyz.danoz:recyclerviewfastscroller:0.1.3] AndroidManifest.xml:2:1-11:12
MERGED from [com.facebook.fresco:animated-webp:0.10.0] AndroidManifest.xml:2:1-9:12
MERGED from [com.facebook.fresco:webpsupport:0.10.0] AndroidManifest.xml:2:1-9:12
MERGED from [me.dm7.barcodescanner:zxing:1.9.8] AndroidManifest.xml:2:1-13:12
MERGED from [me.dm7.barcodescanner:core:1.9.8] AndroidManifest.xml:2:1-13:12
MERGED from [com.facebook.fresco:animated-base:0.10.0] AndroidManifest.xml:2:1-9:12
MERGED from [com.facebook.fresco:fresco:0.10.0] AndroidManifest.xml:2:1-9:12
MERGED from [com.facebook.fresco:imagepipeline:0.10.0] AndroidManifest.xml:2:1-9:12
MERGED from [com.facebook.fresco:imagepipeline-base:0.10.0] AndroidManifest.xml:2:1-9:12
MERGED from [com.facebook.fresco:drawee:0.10.0] AndroidManifest.xml:2:1-9:12
MERGED from [com.android.support:support-v4:27.1.1] AndroidManifest.xml:17:1-22:12
MERGED from [com.android.support.constraint:constraint-layout:1.1.0] AndroidManifest.xml:2:1-11:12
MERGED from [com.android.support:recyclerview-v7:27.1.1] AndroidManifest.xml:17:1-22:12
MERGED from [com.android.support:cardview-v7:27.1.1] AndroidManifest.xml:17:1-22:12
MERGED from [fr.avianey.com.viewpagerindicator:library:2.4.1] AndroidManifest.xml:3:1-9:12
MERGED from [com.mikhaellopez:circularimageview:2.0.2] AndroidManifest.xml:2:1-15:12
MERGED from [com.android.volley:volley:1.1.1] AndroidManifest.xml:2:1-11:12
MERGED from [com.android.support:transition:27.1.1] AndroidManifest.xml:17:1-22:12
MERGED from [com.android.support:support-media-compat:27.1.1] AndroidManifest.xml:17:1-22:12
MERGED from [com.android.support:support-fragment:27.1.1] AndroidManifest.xml:17:1-22:12
MERGED from [com.android.support:animated-vector-drawable:27.1.1] AndroidManifest.xml:17:1-22:12
MERGED from [com.android.support:support-core-ui:27.1.1] AndroidManifest.xml:17:1-22:12
MERGED from [com.android.support:support-core-utils:27.1.1] AndroidManifest.xml:17:1-22:12
MERGED from [com.android.support:support-vector-drawable:27.1.1] AndroidManifest.xml:17:1-22:12
MERGED from [com.android.support:support-compat:27.1.1] AndroidManifest.xml:17:1-22:12
MERGED from [io.reactivex:rxandroid:1.1.0] AndroidManifest.xml:15:1-21:12
MERGED from [com.facebook.fresco:fbcore:0.10.0] AndroidManifest.xml:2:1-9:12
MERGED from [android.arch.lifecycle:runtime:1.1.0] AndroidManifest.xml:17:1-22:12
MERGED from [android.arch.lifecycle:livedata-core:1.1.0] AndroidManifest.xml:17:1-22:12
MERGED from [android.arch.core:runtime:1.1.0] AndroidManifest.xml:17:1-22:12
MERGED from [android.arch.lifecycle:viewmodel:1.1.0] AndroidManifest.xml:17:1-22:12
INJECTED from src\main\AndroidManifest.xml:2:1-193:12
INJECTED from src\main\AndroidManifest.xml:2:1-193:12
INJECTED from src\main\AndroidManifest.xml:2:1-193:12
	package
		ADDED from src\main\AndroidManifest.xml:3:5-37
		INJECTED from src\main\AndroidManifest.xml
		INJECTED from src\main\AndroidManifest.xml
	android:versionName
		INJECTED from src\main\AndroidManifest.xml
		ADDED from src\main\AndroidManifest.xml:2:1-193:12
		INJECTED from src\main\AndroidManifest.xml
	android:versionCode
		INJECTED from src\main\AndroidManifest.xml
		ADDED from src\main\AndroidManifest.xml:2:1-193:12
		INJECTED from src\main\AndroidManifest.xml
	xmlns:android
		ADDED from src\main\AndroidManifest.xml:2:11-69
uses-permission#android.permission.ACCESS_NETWORK_STATE
ADDED from src\main\AndroidManifest.xml:5:5-79
	android:name
		ADDED from src\main\AndroidManifest.xml:5:22-76
uses-permission#android.permission.INTERNET
ADDED from src\main\AndroidManifest.xml:6:5-67
MERGED from [com.usebutton:android-sdk:5.9.0] AndroidManifest.xml:11:5-67
MERGED from [com.usebutton:android-sdk:5.9.0] AndroidManifest.xml:11:5-67
	android:name
		ADDED from src\main\AndroidManifest.xml:6:22-64
uses-permission#android.permission.CAMERA
ADDED from src\main\AndroidManifest.xml:7:5-65
	android:name
		ADDED from src\main\AndroidManifest.xml:7:22-62
uses-permission#android.permission.WRITE_EXTERNAL_STORAGE
ADDED from src\main\AndroidManifest.xml:8:5-81
	android:name
		ADDED from src\main\AndroidManifest.xml:8:22-78
uses-permission#android.permission.READ_EXTERNAL_STORAGE
ADDED from src\main\AndroidManifest.xml:9:5-80
	android:name
		ADDED from src\main\AndroidManifest.xml:9:22-77
uses-permission#android.permission.WRITE_INTERNAL_STORAGE
ADDED from src\main\AndroidManifest.xml:10:5-81
	android:name
		ADDED from src\main\AndroidManifest.xml:10:22-78
uses-permission#android.permission.READ_PHONE_STATE
ADDED from src\main\AndroidManifest.xml:11:5-75
	android:name
		ADDED from src\main\AndroidManifest.xml:11:22-72
application
ADDED from src\main\AndroidManifest.xml:13:5-190:19
MERGED from [com.zfdang.multiple-images-selector:multiple-images-selector:1.1.3] AndroidManifest.xml:11:5-15:19
MERGED from [com.zfdang.multiple-images-selector:multiple-images-selector:1.1.3] AndroidManifest.xml:11:5-15:19
MERGED from [me.himanshusoni.quantityview:quantity-view:1.2.0] AndroidManifest.xml:11:5-14:19
MERGED from [me.himanshusoni.quantityview:quantity-view:1.2.0] AndroidManifest.xml:11:5-14:19
MERGED from [com.usebutton:android-sdk:5.9.0] AndroidManifest.xml:13:5-59:19
MERGED from [com.usebutton:android-sdk:5.9.0] AndroidManifest.xml:13:5-59:19
MERGED from [me.dm7.barcodescanner:zxing:1.9.8] AndroidManifest.xml:11:5-20
MERGED from [me.dm7.barcodescanner:zxing:1.9.8] AndroidManifest.xml:11:5-20
MERGED from [me.dm7.barcodescanner:core:1.9.8] AndroidManifest.xml:11:5-20
MERGED from [me.dm7.barcodescanner:core:1.9.8] AndroidManifest.xml:11:5-20
MERGED from [com.android.support.constraint:constraint-layout:1.1.0] AndroidManifest.xml:9:5-20
MERGED from [com.android.support.constraint:constraint-layout:1.1.0] AndroidManifest.xml:9:5-20
MERGED from [com.mikhaellopez:circularimageview:2.0.2] AndroidManifest.xml:11:5-13:38
MERGED from [com.mikhaellopez:circularimageview:2.0.2] AndroidManifest.xml:11:5-13:38
MERGED from [com.android.volley:volley:1.1.1] AndroidManifest.xml:9:5-20
MERGED from [com.android.volley:volley:1.1.1] AndroidManifest.xml:9:5-20
	android:supportsRtl
		ADDED from src\main\AndroidManifest.xml:19:9-35
	android:label
		ADDED from src\main\AndroidManifest.xml:17:9-41
	android:roundIcon
		ADDED from src\main\AndroidManifest.xml:18:9-54
	android:icon
		ADDED from src\main\AndroidManifest.xml:16:9-43
	android:allowBackup
		ADDED from src\main\AndroidManifest.xml:15:9-35
	android:theme
		ADDED from src\main\AndroidManifest.xml:20:9-40
	android:name
		ADDED from src\main\AndroidManifest.xml:14:9-65
activity#com.nsquare.restaurant.activity.SplashActivity
ADDED from src\main\AndroidManifest.xml:22:9-31:20
	android:screenOrientation
		ADDED from src\main\AndroidManifest.xml:24:13-49
	android:theme
		ADDED from src\main\AndroidManifest.xml:25:13-56
	android:name
		ADDED from src\main\AndroidManifest.xml:23:13-74
intent-filter#action:name:android.intent.action.MAIN+category:name:android.intent.category.LAUNCHER
ADDED from src\main\AndroidManifest.xml:26:13-30:29
action#android.intent.action.MAIN
ADDED from src\main\AndroidManifest.xml:27:17-69
	android:name
		ADDED from src\main\AndroidManifest.xml:27:25-66
category#android.intent.category.LAUNCHER
ADDED from src\main\AndroidManifest.xml:29:17-77
	android:name
		ADDED from src\main\AndroidManifest.xml:29:27-74
activity#com.nsquare.restaurant.activity.InfoScreenActivity
ADDED from src\main\AndroidManifest.xml:33:9-35:52
	android:screenOrientation
		ADDED from src\main\AndroidManifest.xml:35:13-49
	android:name
		ADDED from src\main\AndroidManifest.xml:34:13-78
activity#com.nsquare.restaurant.activity.CollapsingActivity
ADDED from src\main\AndroidManifest.xml:36:9-38:52
	android:screenOrientation
		ADDED from src\main\AndroidManifest.xml:38:13-49
	android:name
		ADDED from src\main\AndroidManifest.xml:37:13-78
activity#com.nsquare.restaurant.activity.LoginActivity
ADDED from src\main\AndroidManifest.xml:40:9-43:63
	android:screenOrientation
		ADDED from src\main\AndroidManifest.xml:42:13-49
	android:windowSoftInputMode
		ADDED from src\main\AndroidManifest.xml:43:13-60
	android:name
		ADDED from src\main\AndroidManifest.xml:41:13-73
activity#com.nsquare.restaurant.activity.SignUpActivity
ADDED from src\main\AndroidManifest.xml:45:9-48:63
	android:screenOrientation
		ADDED from src\main\AndroidManifest.xml:47:13-49
	android:windowSoftInputMode
		ADDED from src\main\AndroidManifest.xml:48:13-60
	android:name
		ADDED from src\main\AndroidManifest.xml:46:13-74
activity#com.nsquare.restaurant.activity.ForgotPasswordActivity
ADDED from src\main\AndroidManifest.xml:50:9-53:63
	android:screenOrientation
		ADDED from src\main\AndroidManifest.xml:52:13-49
	android:windowSoftInputMode
		ADDED from src\main\AndroidManifest.xml:53:13-60
	android:name
		ADDED from src\main\AndroidManifest.xml:51:13-82
activity#com.nsquare.restaurant.activity.MainActivity
ADDED from src\main\AndroidManifest.xml:55:9-59:63
	android:screenOrientation
		ADDED from src\main\AndroidManifest.xml:57:13-49
	android:windowSoftInputMode
		ADDED from src\main\AndroidManifest.xml:59:13-60
	android:theme
		ADDED from src\main\AndroidManifest.xml:58:13-56
	android:name
		ADDED from src\main\AndroidManifest.xml:56:13-72
activity#com.nsquare.restaurant.activity.waiter.WaiterMainActivity
ADDED from src\main\AndroidManifest.xml:61:9-65:63
	android:screenOrientation
		ADDED from src\main\AndroidManifest.xml:63:13-49
	android:windowSoftInputMode
		ADDED from src\main\AndroidManifest.xml:65:13-60
	android:theme
		ADDED from src\main\AndroidManifest.xml:64:13-56
	android:name
		ADDED from src\main\AndroidManifest.xml:62:13-85
activity#com.nsquare.restaurant.activity.SignUpAndLoginDecisionActivity
ADDED from src\main\AndroidManifest.xml:67:9-71:63
	android:screenOrientation
		ADDED from src\main\AndroidManifest.xml:69:13-49
	android:windowSoftInputMode
		ADDED from src\main\AndroidManifest.xml:71:13-60
	android:theme
		ADDED from src\main\AndroidManifest.xml:70:13-56
	android:name
		ADDED from src\main\AndroidManifest.xml:68:13-90
activity#com.nsquare.restaurant.activity.MenuListActivity
ADDED from src\main\AndroidManifest.xml:73:9-76:63
	android:screenOrientation
		ADDED from src\main\AndroidManifest.xml:75:13-49
	android:windowSoftInputMode
		ADDED from src\main\AndroidManifest.xml:76:13-60
	android:name
		ADDED from src\main\AndroidManifest.xml:74:13-76
activity#com.nsquare.restaurant.activity.waiter.TableOrdersActivity
ADDED from src\main\AndroidManifest.xml:78:9-81:63
	android:screenOrientation
		ADDED from src\main\AndroidManifest.xml:80:13-49
	android:windowSoftInputMode
		ADDED from src\main\AndroidManifest.xml:81:13-60
	android:name
		ADDED from src\main\AndroidManifest.xml:79:13-86
activity#com.nsquare.restaurant.activity.RestroDetailsActivity
ADDED from src\main\AndroidManifest.xml:83:9-86:63
	android:screenOrientation
		ADDED from src\main\AndroidManifest.xml:85:13-49
	android:windowSoftInputMode
		ADDED from src\main\AndroidManifest.xml:86:13-60
	android:name
		ADDED from src\main\AndroidManifest.xml:84:13-81
activity#com.nsquare.restaurant.activity.BookATableActivity
ADDED from src\main\AndroidManifest.xml:88:9-91:63
	android:screenOrientation
		ADDED from src\main\AndroidManifest.xml:90:13-49
	android:windowSoftInputMode
		ADDED from src\main\AndroidManifest.xml:91:13-60
	android:name
		ADDED from src\main\AndroidManifest.xml:89:13-78
activity#com.nsquare.restaurant.activity.VerifyPhoneActivity
ADDED from src\main\AndroidManifest.xml:93:9-96:63
	android:screenOrientation
		ADDED from src\main\AndroidManifest.xml:95:13-49
	android:windowSoftInputMode
		ADDED from src\main\AndroidManifest.xml:96:13-60
	android:name
		ADDED from src\main\AndroidManifest.xml:94:13-79
activity#com.nsquare.restaurant.activity.VerifyOTPActivity
ADDED from src\main\AndroidManifest.xml:98:9-101:63
	android:screenOrientation
		ADDED from src\main\AndroidManifest.xml:100:13-49
	android:windowSoftInputMode
		ADDED from src\main\AndroidManifest.xml:101:13-60
	android:name
		ADDED from src\main\AndroidManifest.xml:99:13-77
activity#com.nsquare.restaurant.activity.YourBookingDetailsActivity
ADDED from src\main\AndroidManifest.xml:103:9-106:63
	android:screenOrientation
		ADDED from src\main\AndroidManifest.xml:105:13-49
	android:windowSoftInputMode
		ADDED from src\main\AndroidManifest.xml:106:13-60
	android:name
		ADDED from src\main\AndroidManifest.xml:104:13-86
activity#com.nsquare.restaurant.activity.ViewProfileActivity
ADDED from src\main\AndroidManifest.xml:108:9-111:63
	android:screenOrientation
		ADDED from src\main\AndroidManifest.xml:110:13-49
	android:windowSoftInputMode
		ADDED from src\main\AndroidManifest.xml:111:13-60
	android:name
		ADDED from src\main\AndroidManifest.xml:109:13-79
activity#com.nsquare.restaurant.activity.EditProfileActivity
ADDED from src\main\AndroidManifest.xml:113:9-116:63
	android:screenOrientation
		ADDED from src\main\AndroidManifest.xml:115:13-49
	android:windowSoftInputMode
		ADDED from src\main\AndroidManifest.xml:116:13-60
	android:name
		ADDED from src\main\AndroidManifest.xml:114:13-79
activity#com.nsquare.restaurant.activity.AddNewAddressActivity
ADDED from src\main\AndroidManifest.xml:118:9-121:63
	android:screenOrientation
		ADDED from src\main\AndroidManifest.xml:120:13-49
	android:windowSoftInputMode
		ADDED from src\main\AndroidManifest.xml:121:13-60
	android:name
		ADDED from src\main\AndroidManifest.xml:119:13-81
activity#com.nsquare.restaurant.activity.AddReviewActivity
ADDED from src\main\AndroidManifest.xml:123:9-126:63
	android:screenOrientation
		ADDED from src\main\AndroidManifest.xml:125:13-49
	android:windowSoftInputMode
		ADDED from src\main\AndroidManifest.xml:126:13-60
	android:name
		ADDED from src\main\AndroidManifest.xml:124:13-77
activity#com.nsquare.restaurant.activity.AllReviewsActivity
ADDED from src\main\AndroidManifest.xml:128:9-131:63
	android:screenOrientation
		ADDED from src\main\AndroidManifest.xml:130:13-49
	android:windowSoftInputMode
		ADDED from src\main\AndroidManifest.xml:131:13-60
	android:name
		ADDED from src\main\AndroidManifest.xml:129:13-78
activity#com.nsquare.restaurant.activity.TestingActivity
ADDED from src\main\AndroidManifest.xml:133:9-136:63
	android:screenOrientation
		ADDED from src\main\AndroidManifest.xml:135:13-49
	android:windowSoftInputMode
		ADDED from src\main\AndroidManifest.xml:136:13-60
	android:name
		ADDED from src\main\AndroidManifest.xml:134:13-75
activity#com.nsquare.restaurant.activity.ReviewBookATableActivity
ADDED from src\main\AndroidManifest.xml:138:9-141:63
	android:screenOrientation
		ADDED from src\main\AndroidManifest.xml:140:13-49
	android:windowSoftInputMode
		ADDED from src\main\AndroidManifest.xml:141:13-60
	android:name
		ADDED from src\main\AndroidManifest.xml:139:13-84
activity#com.nsquare.restaurant.activity.CartPreviewActivity
ADDED from src\main\AndroidManifest.xml:143:9-146:63
	android:screenOrientation
		ADDED from src\main\AndroidManifest.xml:145:13-49
	android:windowSoftInputMode
		ADDED from src\main\AndroidManifest.xml:146:13-60
	android:name
		ADDED from src\main\AndroidManifest.xml:144:13-79
activity#com.nsquare.restaurant.activity.MakePaymentActivity
ADDED from src\main\AndroidManifest.xml:148:9-151:63
	android:screenOrientation
		ADDED from src\main\AndroidManifest.xml:150:13-49
	android:windowSoftInputMode
		ADDED from src\main\AndroidManifest.xml:151:13-60
	android:name
		ADDED from src\main\AndroidManifest.xml:149:13-79
activity#com.zfdang.multiple_images_selector.ImagesSelectorActivity
ADDED from src\main\AndroidManifest.xml:153:9-158:63
	android:screenOrientation
		ADDED from src\main\AndroidManifest.xml:157:13-49
	android:hardwareAccelerated
		ADDED from src\main\AndroidManifest.xml:156:13-48
	android:windowSoftInputMode
		ADDED from src\main\AndroidManifest.xml:158:13-60
	android:configChanges
		ADDED from src\main\AndroidManifest.xml:155:13-59
	android:name
		ADDED from src\main\AndroidManifest.xml:154:13-86
activity#com.nsquare.restaurant.activity.admin.AdminConfigurationActivity
ADDED from src\main\AndroidManifest.xml:160:9-163:63
	android:screenOrientation
		ADDED from src\main\AndroidManifest.xml:162:13-49
	android:windowSoftInputMode
		ADDED from src\main\AndroidManifest.xml:163:13-60
	android:name
		ADDED from src\main\AndroidManifest.xml:161:13-92
activity#com.nsquare.restaurant.activity.admin.ScanQRActivity
ADDED from src\main\AndroidManifest.xml:165:9-168:63
	android:screenOrientation
		ADDED from src\main\AndroidManifest.xml:167:13-49
	android:windowSoftInputMode
		ADDED from src\main\AndroidManifest.xml:168:13-60
	android:name
		ADDED from src\main\AndroidManifest.xml:166:13-80
meta-data#com.facebook.sdk.ApplicationId
ADDED from src\main\AndroidManifest.xml:171:9-173:55
	android:value
		ADDED from src\main\AndroidManifest.xml:173:13-52
	android:name
		ADDED from src\main\AndroidManifest.xml:172:13-58
activity#com.facebook.FacebookActivity
ADDED from src\main\AndroidManifest.xml:175:9-66
	android:name
		ADDED from src\main\AndroidManifest.xml:175:19-63
uses-sdk
INJECTED from src\main\AndroidManifest.xml reason: use-sdk injection requested
INJECTED from src\main\AndroidManifest.xml
INJECTED from src\main\AndroidManifest.xml
MERGED from [com.android.support:design:27.1.1] AndroidManifest.xml:20:5-44
MERGED from [com.android.support:design:27.1.1] AndroidManifest.xml:20:5-44
MERGED from [com.zfdang.multiple-images-selector:multiple-images-selector:1.1.3] AndroidManifest.xml:7:5-9:41
MERGED from [com.zfdang.multiple-images-selector:multiple-images-selector:1.1.3] AndroidManifest.xml:7:5-9:41
MERGED from [me.himanshusoni.quantityview:quantity-view:1.2.0] AndroidManifest.xml:7:5-9:41
MERGED from [me.himanshusoni.quantityview:quantity-view:1.2.0] AndroidManifest.xml:7:5-9:41
MERGED from [com.android.support:appcompat-v7:27.1.1] AndroidManifest.xml:20:5-44
MERGED from [com.android.support:appcompat-v7:27.1.1] AndroidManifest.xml:20:5-44
MERGED from [com.usebutton:android-sdk:5.9.0] AndroidManifest.xml:7:5-9:41
MERGED from [com.usebutton:android-sdk:5.9.0] AndroidManifest.xml:7:5-9:41
MERGED from [com.facebook.fresco:animated-gif:0.10.0] AndroidManifest.xml:5:5-7:41
MERGED from [com.facebook.fresco:animated-gif:0.10.0] AndroidManifest.xml:5:5-7:41
MERGED from [xyz.danoz:recyclerviewfastscroller:0.1.3] AndroidManifest.xml:7:5-9:41
MERGED from [xyz.danoz:recyclerviewfastscroller:0.1.3] AndroidManifest.xml:7:5-9:41
MERGED from [com.facebook.fresco:animated-webp:0.10.0] AndroidManifest.xml:5:5-7:41
MERGED from [com.facebook.fresco:animated-webp:0.10.0] AndroidManifest.xml:5:5-7:41
MERGED from [com.facebook.fresco:webpsupport:0.10.0] AndroidManifest.xml:5:5-7:41
MERGED from [com.facebook.fresco:webpsupport:0.10.0] AndroidManifest.xml:5:5-7:41
MERGED from [me.dm7.barcodescanner:zxing:1.9.8] AndroidManifest.xml:7:5-9:41
MERGED from [me.dm7.barcodescanner:zxing:1.9.8] AndroidManifest.xml:7:5-9:41
MERGED from [me.dm7.barcodescanner:core:1.9.8] AndroidManifest.xml:7:5-9:41
MERGED from [me.dm7.barcodescanner:core:1.9.8] AndroidManifest.xml:7:5-9:41
MERGED from [com.facebook.fresco:animated-base:0.10.0] AndroidManifest.xml:5:5-7:41
MERGED from [com.facebook.fresco:animated-base:0.10.0] AndroidManifest.xml:5:5-7:41
MERGED from [com.facebook.fresco:fresco:0.10.0] AndroidManifest.xml:5:5-7:41
MERGED from [com.facebook.fresco:fresco:0.10.0] AndroidManifest.xml:5:5-7:41
MERGED from [com.facebook.fresco:imagepipeline:0.10.0] AndroidManifest.xml:5:5-7:41
MERGED from [com.facebook.fresco:imagepipeline:0.10.0] AndroidManifest.xml:5:5-7:41
MERGED from [com.facebook.fresco:imagepipeline-base:0.10.0] AndroidManifest.xml:5:5-7:41
MERGED from [com.facebook.fresco:imagepipeline-base:0.10.0] AndroidManifest.xml:5:5-7:41
MERGED from [com.facebook.fresco:drawee:0.10.0] AndroidManifest.xml:5:5-7:41
MERGED from [com.facebook.fresco:drawee:0.10.0] AndroidManifest.xml:5:5-7:41
MERGED from [com.android.support:support-v4:27.1.1] AndroidManifest.xml:20:5-44
MERGED from [com.android.support:support-v4:27.1.1] AndroidManifest.xml:20:5-44
MERGED from [com.android.support.constraint:constraint-layout:1.1.0] AndroidManifest.xml:5:5-7:41
MERGED from [com.android.support.constraint:constraint-layout:1.1.0] AndroidManifest.xml:5:5-7:41
MERGED from [com.android.support:recyclerview-v7:27.1.1] AndroidManifest.xml:20:5-44
MERGED from [com.android.support:recyclerview-v7:27.1.1] AndroidManifest.xml:20:5-44
MERGED from [com.android.support:cardview-v7:27.1.1] AndroidManifest.xml:20:5-44
MERGED from [com.android.support:cardview-v7:27.1.1] AndroidManifest.xml:20:5-44
MERGED from [fr.avianey.com.viewpagerindicator:library:2.4.1] AndroidManifest.xml:8:5-43
MERGED from [fr.avianey.com.viewpagerindicator:library:2.4.1] AndroidManifest.xml:8:5-43
MERGED from [com.mikhaellopez:circularimageview:2.0.2] AndroidManifest.xml:7:5-9:41
MERGED from [com.mikhaellopez:circularimageview:2.0.2] AndroidManifest.xml:7:5-9:41
MERGED from [com.android.volley:volley:1.1.1] AndroidManifest.xml:7:5-43
MERGED from [com.android.volley:volley:1.1.1] AndroidManifest.xml:7:5-43
MERGED from [com.android.support:transition:27.1.1] AndroidManifest.xml:20:5-44
MERGED from [com.android.support:transition:27.1.1] AndroidManifest.xml:20:5-44
MERGED from [com.android.support:support-media-compat:27.1.1] AndroidManifest.xml:20:5-44
MERGED from [com.android.support:support-media-compat:27.1.1] AndroidManifest.xml:20:5-44
MERGED from [com.android.support:support-fragment:27.1.1] AndroidManifest.xml:20:5-44
MERGED from [com.android.support:support-fragment:27.1.1] AndroidManifest.xml:20:5-44
MERGED from [com.android.support:animated-vector-drawable:27.1.1] AndroidManifest.xml:20:5-44
MERGED from [com.android.support:animated-vector-drawable:27.1.1] AndroidManifest.xml:20:5-44
MERGED from [com.android.support:support-core-ui:27.1.1] AndroidManifest.xml:20:5-44
MERGED from [com.android.support:support-core-ui:27.1.1] AndroidManifest.xml:20:5-44
MERGED from [com.android.support:support-core-utils:27.1.1] AndroidManifest.xml:20:5-44
MERGED from [com.android.support:support-core-utils:27.1.1] AndroidManifest.xml:20:5-44
MERGED from [com.android.support:support-vector-drawable:27.1.1] AndroidManifest.xml:20:5-44
MERGED from [com.android.support:support-vector-drawable:27.1.1] AndroidManifest.xml:20:5-44
MERGED from [com.android.support:support-compat:27.1.1] AndroidManifest.xml:20:5-44
MERGED from [com.android.support:support-compat:27.1.1] AndroidManifest.xml:20:5-44
MERGED from [io.reactivex:rxandroid:1.1.0] AndroidManifest.xml:19:5-43
MERGED from [io.reactivex:rxandroid:1.1.0] AndroidManifest.xml:19:5-43
MERGED from [com.facebook.fresco:fbcore:0.10.0] AndroidManifest.xml:5:5-7:41
MERGED from [com.facebook.fresco:fbcore:0.10.0] AndroidManifest.xml:5:5-7:41
MERGED from [android.arch.lifecycle:runtime:1.1.0] AndroidManifest.xml:20:5-44
MERGED from [android.arch.lifecycle:runtime:1.1.0] AndroidManifest.xml:20:5-44
MERGED from [android.arch.lifecycle:livedata-core:1.1.0] AndroidManifest.xml:20:5-44
MERGED from [android.arch.lifecycle:livedata-core:1.1.0] AndroidManifest.xml:20:5-44
MERGED from [android.arch.core:runtime:1.1.0] AndroidManifest.xml:20:5-44
MERGED from [android.arch.core:runtime:1.1.0] AndroidManifest.xml:20:5-44
MERGED from [android.arch.lifecycle:viewmodel:1.1.0] AndroidManifest.xml:20:5-44
MERGED from [android.arch.lifecycle:viewmodel:1.1.0] AndroidManifest.xml:20:5-44
INJECTED from src\main\AndroidManifest.xml
INJECTED from src\main\AndroidManifest.xml
	android:targetSdkVersion
		INJECTED from src\main\AndroidManifest.xml
		ADDED from src\main\AndroidManifest.xml
		INJECTED from src\main\AndroidManifest.xml
	android:minSdkVersion
		INJECTED from src\main\AndroidManifest.xml
		ADDED from src\main\AndroidManifest.xml
		INJECTED from src\main\AndroidManifest.xml
activity#com.usebutton.sdk.internal.InstallCardActivity
ADDED from [com.usebutton:android-sdk:5.9.0] AndroidManifest.xml:14:9-17:57
	android:configChanges
		ADDED from [com.usebutton:android-sdk:5.9.0] AndroidManifest.xml:16:13-61
	android:theme
		ADDED from [com.usebutton:android-sdk:5.9.0] AndroidManifest.xml:17:13-54
	android:name
		ADDED from [com.usebutton:android-sdk:5.9.0] AndroidManifest.xml:15:13-74
activity#com.usebutton.sdk.internal.GroupedInventoryCardActivity
ADDED from [com.usebutton:android-sdk:5.9.0] AndroidManifest.xml:18:9-21:57
	android:configChanges
		ADDED from [com.usebutton:android-sdk:5.9.0] AndroidManifest.xml:20:13-61
	android:theme
		ADDED from [com.usebutton:android-sdk:5.9.0] AndroidManifest.xml:21:13-54
	android:name
		ADDED from [com.usebutton:android-sdk:5.9.0] AndroidManifest.xml:19:13-83
activity#com.usebutton.sdk.internal.SingleProductCardActivity
ADDED from [com.usebutton:android-sdk:5.9.0] AndroidManifest.xml:23:9-27:57
	android:screenOrientation
		ADDED from [com.usebutton:android-sdk:5.9.0] AndroidManifest.xml:26:13-49
	android:configChanges
		ADDED from [com.usebutton:android-sdk:5.9.0] AndroidManifest.xml:25:13-61
	android:theme
		ADDED from [com.usebutton:android-sdk:5.9.0] AndroidManifest.xml:27:13-54
	android:name
		ADDED from [com.usebutton:android-sdk:5.9.0] AndroidManifest.xml:24:13-80
activity#com.usebutton.sdk.internal.WebViewActivity
ADDED from [com.usebutton:android-sdk:5.9.0] AndroidManifest.xml:28:9-31:61
	android:configChanges
		ADDED from [com.usebutton:android-sdk:5.9.0] AndroidManifest.xml:30:13-61
	android:theme
		ADDED from [com.usebutton:android-sdk:5.9.0] AndroidManifest.xml:31:13-58
	android:name
		ADDED from [com.usebutton:android-sdk:5.9.0] AndroidManifest.xml:29:13-70
activity#com.usebutton.sdk.internal.AuthChallengeActivity
ADDED from [com.usebutton:android-sdk:5.9.0] AndroidManifest.xml:32:9-35:64
	android:configChanges
		ADDED from [com.usebutton:android-sdk:5.9.0] AndroidManifest.xml:34:13-61
	android:theme
		ADDED from [com.usebutton:android-sdk:5.9.0] AndroidManifest.xml:35:13-61
	android:name
		ADDED from [com.usebutton:android-sdk:5.9.0] AndroidManifest.xml:33:13-76
receiver#com.usebutton.sdk.internal.receivers.LocaleChangedReceiver
ADDED from [com.usebutton:android-sdk:5.9.0] AndroidManifest.xml:37:9-43:20
	android:exported
		ADDED from [com.usebutton:android-sdk:5.9.0] AndroidManifest.xml:39:13-36
	android:name
		ADDED from [com.usebutton:android-sdk:5.9.0] AndroidManifest.xml:38:13-86
intent-filter#action:name:android.intent.action.LOCALE_CHANGED
ADDED from [com.usebutton:android-sdk:5.9.0] AndroidManifest.xml:40:13-42:29
action#android.intent.action.LOCALE_CHANGED
ADDED from [com.usebutton:android-sdk:5.9.0] AndroidManifest.xml:41:17-79
	android:name
		ADDED from [com.usebutton:android-sdk:5.9.0] AndroidManifest.xml:41:25-76
receiver#com.usebutton.sdk.internal.receivers.InstallReferrerReceiver
ADDED from [com.usebutton:android-sdk:5.9.0] AndroidManifest.xml:44:9-50:20
	android:exported
		ADDED from [com.usebutton:android-sdk:5.9.0] AndroidManifest.xml:46:13-36
	android:name
		ADDED from [com.usebutton:android-sdk:5.9.0] AndroidManifest.xml:45:13-88
intent-filter#action:name:com.android.vending.INSTALL_REFERRER
ADDED from [com.usebutton:android-sdk:5.9.0] AndroidManifest.xml:47:13-49:29
action#com.android.vending.INSTALL_REFERRER
ADDED from [com.usebutton:android-sdk:5.9.0] AndroidManifest.xml:48:17-79
	android:name
		ADDED from [com.usebutton:android-sdk:5.9.0] AndroidManifest.xml:48:25-76
receiver#com.usebutton.sdk.internal.receivers.InstallNotificationReceiver
ADDED from [com.usebutton:android-sdk:5.9.0] AndroidManifest.xml:51:9-58:20
	android:name
		ADDED from [com.usebutton:android-sdk:5.9.0] AndroidManifest.xml:51:19-98
intent-filter#action:name:com.usebutton.sdk.internal.receivers.InstallNotificationReceiver.CONTENT
ADDED from [com.usebutton:android-sdk:5.9.0] AndroidManifest.xml:52:13-54:29
action#com.usebutton.sdk.internal.receivers.InstallNotificationReceiver.CONTENT
ADDED from [com.usebutton:android-sdk:5.9.0] AndroidManifest.xml:53:17-115
	android:name
		ADDED from [com.usebutton:android-sdk:5.9.0] AndroidManifest.xml:53:25-112
intent-filter#action:name:com.usebutton.sdk.internal.receivers.InstallNotificationReceiver.CANCEL
ADDED from [com.usebutton:android-sdk:5.9.0] AndroidManifest.xml:55:13-57:29
action#com.usebutton.sdk.internal.receivers.InstallNotificationReceiver.CANCEL
ADDED from [com.usebutton:android-sdk:5.9.0] AndroidManifest.xml:56:17-114
	android:name
		ADDED from [com.usebutton:android-sdk:5.9.0] AndroidManifest.xml:56:25-111